<?xml version="1.0" encoding="UTF-8"?>
<!-- Generated by org.testng.reporters.JUnitXMLReporter -->
<testsuite ignored="3" hostname="LAPTOP-7BHGM6B5" failures="1" tests="1" name="com.login.inet" time="0.085" errors="0" timestamp="2023-07-03T07:07:03 IST">
  <testcase classname="com.login.inet.BasicLoginAccess" name="Averifytitle" time="0.009">
    <failure type="java.lang.NullPointerException" message="Cannot invoke &amp;quot;org.openqa.selenium.WebDriver.getTitle()&amp;quot; because &amp;quot;this.driver&amp;quot; is null">
      <![CDATA[java.lang.NullPointerException: Cannot invoke "org.openqa.selenium.WebDriver.getTitle()" because "this.driver" is null
at com.login.inet.BasicLoginAccess.Averifytitle(BasicLoginAccess.java:29)
at java.base/java.util.ArrayList.forEach(ArrayList.java:1511)
... Removed 27 stack frames]]>
    </failure>
  </testcase> <!-- Averifytitle -->
  <testcase classname="com.login.inet.BasicLoginAccess" name="BNewCustomer" time="0.0">
    <ignored/>
  </testcase> <!-- BNewCustomer -->
  <testcase classname="com.login.inet.BasicLoginAccess" name="CEditCustomer" time="0.0">
    <ignored/>
  </testcase> <!-- CEditCustomer -->
  <testcase classname="com.login.inet.BasicLoginAccess" name="StatVerify" time="0.0">
    <ignored/>
  </testcase> <!-- StatVerify -->
</testsuite> <!-- com.login.inet -->
